[2018-05-07 21:25:00] lumen.ERROR: InvalidArgumentException: Missing the required parameter $body when calling addGallery in /home/jakkarth/public/shootproof/app/Http/Controllers/GalleryApi.php:46
Stack trace:
#0 [internal function]: App\Http\Controllers\GalleryApi->addGallery()
#1 /home/jakkarth/public/shootproof/vendor/illuminate/container/Container.php(507): call_user_func_array(Array, Array)
#2 /home/jakkarth/public/shootproof/vendor/laravel/lumen-framework/src/Concerns/RoutesRequests.php(603): Illuminate\Container\Container->call(Array, Array)
#3 /home/jakkarth/public/shootproof/vendor/laravel/lumen-framework/src/Concerns/RoutesRequests.php(569): Laravel\Lumen\Application->callControllerCallable(Array, Array)
#4 /home/jakkarth/public/shootproof/vendor/laravel/lumen-framework/src/Concerns/RoutesRequests.php(543): Laravel\Lumen\Application->callLumenController(Object(App\Http\Controllers\GalleryApi), 'addGallery', Array)
#5 /home/jakkarth/public/shootproof/vendor/laravel/lumen-framework/src/Concerns/RoutesRequests.php(511): Laravel\Lumen\Application->callControllerAction(Array)
#6 /home/jakkarth/public/shootproof/vendor/laravel/lumen-framework/src/Concerns/RoutesRequests.php(496): Laravel\Lumen\Application->callActionOnArrayBasedRoute(Array)
#7 /home/jakkarth/public/shootproof/vendor/laravel/lumen-framework/src/Concerns/RoutesRequests.php(393): Laravel\Lumen\Application->handleFoundRoute(Array)
#8 /home/jakkarth/public/shootproof/vendor/laravel/lumen-framework/src/Concerns/RoutesRequests.php(643): Laravel\Lumen\Application->Laravel\Lumen\Concerns\{closure}()
#9 /home/jakkarth/public/shootproof/vendor/laravel/lumen-framework/src/Concerns/RoutesRequests.php(399): Laravel\Lumen\Application->sendThroughPipeline(Array, Object(Closure))
#10 /home/jakkarth/public/shootproof/vendor/laravel/lumen-framework/src/Concerns/RoutesRequests.php(340): Laravel\Lumen\Application->dispatch(NULL)
#11 /home/jakkarth/public/shootproof/public/index.php(34): Laravel\Lumen\Application->run()
#12 {main}  
[2018-05-07 21:25:58] lumen.ERROR: InvalidArgumentException: Missing the required parameter $body when calling addGallery in /home/jakkarth/public/shootproof/app/Http/Controllers/GalleryApi.php:46
Stack trace:
#0 [internal function]: App\Http\Controllers\GalleryApi->addGallery()
#1 /home/jakkarth/public/shootproof/vendor/illuminate/container/Container.php(507): call_user_func_array(Array, Array)
#2 /home/jakkarth/public/shootproof/vendor/laravel/lumen-framework/src/Concerns/RoutesRequests.php(603): Illuminate\Container\Container->call(Array, Array)
#3 /home/jakkarth/public/shootproof/vendor/laravel/lumen-framework/src/Concerns/RoutesRequests.php(569): Laravel\Lumen\Application->callControllerCallable(Array, Array)
#4 /home/jakkarth/public/shootproof/vendor/laravel/lumen-framework/src/Concerns/RoutesRequests.php(543): Laravel\Lumen\Application->callLumenController(Object(App\Http\Controllers\GalleryApi), 'addGallery', Array)
#5 /home/jakkarth/public/shootproof/vendor/laravel/lumen-framework/src/Concerns/RoutesRequests.php(511): Laravel\Lumen\Application->callControllerAction(Array)
#6 /home/jakkarth/public/shootproof/vendor/laravel/lumen-framework/src/Concerns/RoutesRequests.php(496): Laravel\Lumen\Application->callActionOnArrayBasedRoute(Array)
#7 /home/jakkarth/public/shootproof/vendor/laravel/lumen-framework/src/Concerns/RoutesRequests.php(393): Laravel\Lumen\Application->handleFoundRoute(Array)
#8 /home/jakkarth/public/shootproof/vendor/laravel/lumen-framework/src/Concerns/RoutesRequests.php(643): Laravel\Lumen\Application->Laravel\Lumen\Concerns\{closure}()
#9 /home/jakkarth/public/shootproof/vendor/laravel/lumen-framework/src/Concerns/RoutesRequests.php(399): Laravel\Lumen\Application->sendThroughPipeline(Array, Object(Closure))
#10 /home/jakkarth/public/shootproof/vendor/laravel/lumen-framework/src/Concerns/RoutesRequests.php(340): Laravel\Lumen\Application->dispatch(NULL)
#11 /home/jakkarth/public/shootproof/public/index.php(34): Laravel\Lumen\Application->run()
#12 {main}  
[2018-05-07 21:26:22] lumen.ERROR: InvalidArgumentException: Missing the required parameter $body when calling addGallery in /home/jakkarth/public/shootproof/app/Http/Controllers/GalleryApi.php:46
Stack trace:
#0 [internal function]: App\Http\Controllers\GalleryApi->addGallery()
#1 /home/jakkarth/public/shootproof/vendor/illuminate/container/Container.php(507): call_user_func_array(Array, Array)
#2 /home/jakkarth/public/shootproof/vendor/laravel/lumen-framework/src/Concerns/RoutesRequests.php(603): Illuminate\Container\Container->call(Array, Array)
#3 /home/jakkarth/public/shootproof/vendor/laravel/lumen-framework/src/Concerns/RoutesRequests.php(569): Laravel\Lumen\Application->callControllerCallable(Array, Array)
#4 /home/jakkarth/public/shootproof/vendor/laravel/lumen-framework/src/Concerns/RoutesRequests.php(543): Laravel\Lumen\Application->callLumenController(Object(App\Http\Controllers\GalleryApi), 'addGallery', Array)
#5 /home/jakkarth/public/shootproof/vendor/laravel/lumen-framework/src/Concerns/RoutesRequests.php(511): Laravel\Lumen\Application->callControllerAction(Array)
#6 /home/jakkarth/public/shootproof/vendor/laravel/lumen-framework/src/Concerns/RoutesRequests.php(496): Laravel\Lumen\Application->callActionOnArrayBasedRoute(Array)
#7 /home/jakkarth/public/shootproof/vendor/laravel/lumen-framework/src/Concerns/RoutesRequests.php(393): Laravel\Lumen\Application->handleFoundRoute(Array)
#8 /home/jakkarth/public/shootproof/vendor/laravel/lumen-framework/src/Concerns/RoutesRequests.php(643): Laravel\Lumen\Application->Laravel\Lumen\Concerns\{closure}()
#9 /home/jakkarth/public/shootproof/vendor/laravel/lumen-framework/src/Concerns/RoutesRequests.php(399): Laravel\Lumen\Application->sendThroughPipeline(Array, Object(Closure))
#10 /home/jakkarth/public/shootproof/vendor/laravel/lumen-framework/src/Concerns/RoutesRequests.php(340): Laravel\Lumen\Application->dispatch(NULL)
#11 /home/jakkarth/public/shootproof/public/index.php(34): Laravel\Lumen\Application->run()
#12 {main}  
[2018-05-07 21:39:09] lumen.ERROR: Symfony\Component\Debug\Exception\FatalThrowableError: Class 'App\Http\Controllers\DB' not found in /home/jakkarth/public/shootproof/app/Http/Controllers/GalleryApi.php:58
Stack trace:
#0 [internal function]: App\Http\Controllers\GalleryApi->addGallery()
#1 /home/jakkarth/public/shootproof/vendor/illuminate/container/Container.php(507): call_user_func_array(Array, Array)
#2 /home/jakkarth/public/shootproof/vendor/laravel/lumen-framework/src/Concerns/RoutesRequests.php(603): Illuminate\Container\Container->call(Array, Array)
#3 /home/jakkarth/public/shootproof/vendor/laravel/lumen-framework/src/Concerns/RoutesRequests.php(569): Laravel\Lumen\Application->callControllerCallable(Array, Array)
#4 /home/jakkarth/public/shootproof/vendor/laravel/lumen-framework/src/Concerns/RoutesRequests.php(543): Laravel\Lumen\Application->callLumenController(Object(App\Http\Controllers\GalleryApi), 'addGallery', Array)
#5 /home/jakkarth/public/shootproof/vendor/laravel/lumen-framework/src/Concerns/RoutesRequests.php(511): Laravel\Lumen\Application->callControllerAction(Array)
#6 /home/jakkarth/public/shootproof/vendor/laravel/lumen-framework/src/Concerns/RoutesRequests.php(496): Laravel\Lumen\Application->callActionOnArrayBasedRoute(Array)
#7 /home/jakkarth/public/shootproof/vendor/laravel/lumen-framework/src/Concerns/RoutesRequests.php(393): Laravel\Lumen\Application->handleFoundRoute(Array)
#8 /home/jakkarth/public/shootproof/vendor/laravel/lumen-framework/src/Concerns/RoutesRequests.php(643): Laravel\Lumen\Application->Laravel\Lumen\Concerns\{closure}()
#9 /home/jakkarth/public/shootproof/vendor/laravel/lumen-framework/src/Concerns/RoutesRequests.php(399): Laravel\Lumen\Application->sendThroughPipeline(Array, Object(Closure))
#10 /home/jakkarth/public/shootproof/vendor/laravel/lumen-framework/src/Concerns/RoutesRequests.php(340): Laravel\Lumen\Application->dispatch(NULL)
#11 /home/jakkarth/public/shootproof/public/index.php(34): Laravel\Lumen\Application->run()
#12 {main}  
[2018-05-07 21:40:54] lumen.ERROR: PDOException: SQLSTATE[42S02]: Base table or view not found: 1146 Table 'shootproof.galleries' doesn't exist in /home/jakkarth/public/shootproof/vendor/illuminate/database/Connection.php:457
Stack trace:
#0 /home/jakkarth/public/shootproof/vendor/illuminate/database/Connection.php(457): PDO->prepare('insert into `ga...')
#1 /home/jakkarth/public/shootproof/vendor/illuminate/database/Connection.php(722): Illuminate\Database\Connection->Illuminate\Database\{closure}(Object(Illuminate\Database\MySqlConnection), 'insert into `ga...', Array)
#2 /home/jakkarth/public/shootproof/vendor/illuminate/database/Connection.php(685): Illuminate\Database\Connection->runQueryCallback('insert into `ga...', Array, Object(Closure))
#3 /home/jakkarth/public/shootproof/vendor/illuminate/database/Connection.php(458): Illuminate\Database\Connection->run('insert into `ga...', Array, Object(Closure))
#4 /home/jakkarth/public/shootproof/vendor/illuminate/database/Connection.php(414): Illuminate\Database\Connection->statement('insert into `ga...', Array)
#5 /home/jakkarth/public/shootproof/vendor/illuminate/database/Query/Builder.php(2091): Illuminate\Database\Connection->insert('insert into `ga...', Array)
#6 /home/jakkarth/public/shootproof/app/Http/Controllers/GalleryApi.php(58): Illuminate\Database\Query\Builder->insert(Array)
#7 [internal function]: App\Http\Controllers\GalleryApi->addGallery()
#8 /home/jakkarth/public/shootproof/vendor/illuminate/container/Container.php(507): call_user_func_array(Array, Array)
#9 /home/jakkarth/public/shootproof/vendor/laravel/lumen-framework/src/Concerns/RoutesRequests.php(603): Illuminate\Container\Container->call(Array, Array)
#10 /home/jakkarth/public/shootproof/vendor/laravel/lumen-framework/src/Concerns/RoutesRequests.php(569): Laravel\Lumen\Application->callControllerCallable(Array, Array)
#11 /home/jakkarth/public/shootproof/vendor/laravel/lumen-framework/src/Concerns/RoutesRequests.php(543): Laravel\Lumen\Application->callLumenController(Object(App\Http\Controllers\GalleryApi), 'addGallery', Array)
#12 /home/jakkarth/public/shootproof/vendor/laravel/lumen-framework/src/Concerns/RoutesRequests.php(511): Laravel\Lumen\Application->callControllerAction(Array)
#13 /home/jakkarth/public/shootproof/vendor/laravel/lumen-framework/src/Concerns/RoutesRequests.php(496): Laravel\Lumen\Application->callActionOnArrayBasedRoute(Array)
#14 /home/jakkarth/public/shootproof/vendor/laravel/lumen-framework/src/Concerns/RoutesRequests.php(393): Laravel\Lumen\Application->handleFoundRoute(Array)
#15 /home/jakkarth/public/shootproof/vendor/laravel/lumen-framework/src/Concerns/RoutesRequests.php(643): Laravel\Lumen\Application->Laravel\Lumen\Concerns\{closure}()
#16 /home/jakkarth/public/shootproof/vendor/laravel/lumen-framework/src/Concerns/RoutesRequests.php(399): Laravel\Lumen\Application->sendThroughPipeline(Array, Object(Closure))
#17 /home/jakkarth/public/shootproof/vendor/laravel/lumen-framework/src/Concerns/RoutesRequests.php(340): Laravel\Lumen\Application->dispatch(NULL)
#18 /home/jakkarth/public/shootproof/public/index.php(34): Laravel\Lumen\Application->run()
#19 {main}

Next Illuminate\Database\QueryException: SQLSTATE[42S02]: Base table or view not found: 1146 Table 'shootproof.galleries' doesn't exist (SQL: insert into `galleries` (`uuid`, `name`) values (7a76cfb6-ae34-4f27-8016-dedd12e48229, John Plaxco's Photos)) in /home/jakkarth/public/shootproof/vendor/illuminate/database/Connection.php:729
Stack trace:
#0 /home/jakkarth/public/shootproof/vendor/illuminate/database/Connection.php(685): Illuminate\Database\Connection->runQueryCallback('insert into `ga...', Array, Object(Closure))
#1 /home/jakkarth/public/shootproof/vendor/illuminate/database/Connection.php(458): Illuminate\Database\Connection->run('insert into `ga...', Array, Object(Closure))
#2 /home/jakkarth/public/shootproof/vendor/illuminate/database/Connection.php(414): Illuminate\Database\Connection->statement('insert into `ga...', Array)
#3 /home/jakkarth/public/shootproof/vendor/illuminate/database/Query/Builder.php(2091): Illuminate\Database\Connection->insert('insert into `ga...', Array)
#4 /home/jakkarth/public/shootproof/app/Http/Controllers/GalleryApi.php(58): Illuminate\Database\Query\Builder->insert(Array)
#5 [internal function]: App\Http\Controllers\GalleryApi->addGallery()
#6 /home/jakkarth/public/shootproof/vendor/illuminate/container/Container.php(507): call_user_func_array(Array, Array)
#7 /home/jakkarth/public/shootproof/vendor/laravel/lumen-framework/src/Concerns/RoutesRequests.php(603): Illuminate\Container\Container->call(Array, Array)
#8 /home/jakkarth/public/shootproof/vendor/laravel/lumen-framework/src/Concerns/RoutesRequests.php(569): Laravel\Lumen\Application->callControllerCallable(Array, Array)
#9 /home/jakkarth/public/shootproof/vendor/laravel/lumen-framework/src/Concerns/RoutesRequests.php(543): Laravel\Lumen\Application->callLumenController(Object(App\Http\Controllers\GalleryApi), 'addGallery', Array)
#10 /home/jakkarth/public/shootproof/vendor/laravel/lumen-framework/src/Concerns/RoutesRequests.php(511): Laravel\Lumen\Application->callControllerAction(Array)
#11 /home/jakkarth/public/shootproof/vendor/laravel/lumen-framework/src/Concerns/RoutesRequests.php(496): Laravel\Lumen\Application->callActionOnArrayBasedRoute(Array)
#12 /home/jakkarth/public/shootproof/vendor/laravel/lumen-framework/src/Concerns/RoutesRequests.php(393): Laravel\Lumen\Application->handleFoundRoute(Array)
#13 /home/jakkarth/public/shootproof/vendor/laravel/lumen-framework/src/Concerns/RoutesRequests.php(643): Laravel\Lumen\Application->Laravel\Lumen\Concerns\{closure}()
#14 /home/jakkarth/public/shootproof/vendor/laravel/lumen-framework/src/Concerns/RoutesRequests.php(399): Laravel\Lumen\Application->sendThroughPipeline(Array, Object(Closure))
#15 /home/jakkarth/public/shootproof/vendor/laravel/lumen-framework/src/Concerns/RoutesRequests.php(340): Laravel\Lumen\Application->dispatch(NULL)
#16 /home/jakkarth/public/shootproof/public/index.php(34): Laravel\Lumen\Application->run()
#17 {main}  
[2018-05-07 21:50:17] lumen.ERROR: Symfony\Component\Debug\Exception\FatalThrowableError: Call to undefined method App\Http\Controllers\GalleryApi::uuid2hex() in /home/jakkarth/public/shootproof/app/Http/Controllers/GalleryApi.php:60
Stack trace:
#0 [internal function]: App\Http\Controllers\GalleryApi->addGallery()
#1 /home/jakkarth/public/shootproof/vendor/illuminate/container/Container.php(507): call_user_func_array(Array, Array)
#2 /home/jakkarth/public/shootproof/vendor/laravel/lumen-framework/src/Concerns/RoutesRequests.php(603): Illuminate\Container\Container->call(Array, Array)
#3 /home/jakkarth/public/shootproof/vendor/laravel/lumen-framework/src/Concerns/RoutesRequests.php(569): Laravel\Lumen\Application->callControllerCallable(Array, Array)
#4 /home/jakkarth/public/shootproof/vendor/laravel/lumen-framework/src/Concerns/RoutesRequests.php(543): Laravel\Lumen\Application->callLumenController(Object(App\Http\Controllers\GalleryApi), 'addGallery', Array)
#5 /home/jakkarth/public/shootproof/vendor/laravel/lumen-framework/src/Concerns/RoutesRequests.php(511): Laravel\Lumen\Application->callControllerAction(Array)
#6 /home/jakkarth/public/shootproof/vendor/laravel/lumen-framework/src/Concerns/RoutesRequests.php(496): Laravel\Lumen\Application->callActionOnArrayBasedRoute(Array)
#7 /home/jakkarth/public/shootproof/vendor/laravel/lumen-framework/src/Concerns/RoutesRequests.php(393): Laravel\Lumen\Application->handleFoundRoute(Array)
#8 /home/jakkarth/public/shootproof/vendor/laravel/lumen-framework/src/Concerns/RoutesRequests.php(643): Laravel\Lumen\Application->Laravel\Lumen\Concerns\{closure}()
#9 /home/jakkarth/public/shootproof/vendor/laravel/lumen-framework/src/Concerns/RoutesRequests.php(399): Laravel\Lumen\Application->sendThroughPipeline(Array, Object(Closure))
#10 /home/jakkarth/public/shootproof/vendor/laravel/lumen-framework/src/Concerns/RoutesRequests.php(340): Laravel\Lumen\Application->dispatch(NULL)
#11 /home/jakkarth/public/shootproof/public/index.php(34): Laravel\Lumen\Application->run()
#12 {main}  
[2018-05-07 22:18:53] lumen.ERROR: ErrorException: Use of undefined constant Request - assumed 'Request' in /home/jakkarth/public/shootproof/app/Http/Controllers/PhotoApi.php:190
Stack trace:
#0 /home/jakkarth/public/shootproof/app/Http/Controllers/PhotoApi.php(190): Laravel\Lumen\Application->Laravel\Lumen\Concerns\{closure}(8, 'Use of undefine...', '/home/jakkarth/...', 190, Array)
#1 [internal function]: App\Http\Controllers\PhotoApi->uploadFile('2372ca3f-a5bd-4...')
#2 /home/jakkarth/public/shootproof/vendor/illuminate/container/Container.php(507): call_user_func_array(Array, Array)
#3 /home/jakkarth/public/shootproof/vendor/laravel/lumen-framework/src/Concerns/RoutesRequests.php(603): Illuminate\Container\Container->call(Array, Array)
#4 /home/jakkarth/public/shootproof/vendor/laravel/lumen-framework/src/Concerns/RoutesRequests.php(569): Laravel\Lumen\Application->callControllerCallable(Array, Array)
#5 /home/jakkarth/public/shootproof/vendor/laravel/lumen-framework/src/Concerns/RoutesRequests.php(543): Laravel\Lumen\Application->callLumenController(Object(App\Http\Controllers\PhotoApi), 'uploadFile', Array)
#6 /home/jakkarth/public/shootproof/vendor/laravel/lumen-framework/src/Concerns/RoutesRequests.php(511): Laravel\Lumen\Application->callControllerAction(Array)
#7 /home/jakkarth/public/shootproof/vendor/laravel/lumen-framework/src/Concerns/RoutesRequests.php(496): Laravel\Lumen\Application->callActionOnArrayBasedRoute(Array)
#8 /home/jakkarth/public/shootproof/vendor/laravel/lumen-framework/src/Concerns/RoutesRequests.php(466): Laravel\Lumen\Application->handleFoundRoute(Array)
#9 /home/jakkarth/public/shootproof/vendor/laravel/lumen-framework/src/Concerns/RoutesRequests.php(397): Laravel\Lumen\Application->handleDispatcherResponse(Array)
#10 /home/jakkarth/public/shootproof/vendor/laravel/lumen-framework/src/Concerns/RoutesRequests.php(643): Laravel\Lumen\Application->Laravel\Lumen\Concerns\{closure}()
#11 /home/jakkarth/public/shootproof/vendor/laravel/lumen-framework/src/Concerns/RoutesRequests.php(399): Laravel\Lumen\Application->sendThroughPipeline(Array, Object(Closure))
#12 /home/jakkarth/public/shootproof/vendor/laravel/lumen-framework/src/Concerns/RoutesRequests.php(340): Laravel\Lumen\Application->dispatch(NULL)
#13 /home/jakkarth/public/shootproof/public/index.php(34): Laravel\Lumen\Application->run()
#14 {main}  
[2018-05-07 22:33:19] lumen.ERROR: BadMethodCallException: Method getRealPath does not exist. in /home/jakkarth/public/shootproof/vendor/illuminate/support/Traits/Macroable.php:74
Stack trace:
#0 /home/jakkarth/public/shootproof/vendor/illuminate/support/Facades/Facade.php(215): Illuminate\Http\Request->__call('getRealPath', Array)
#1 /home/jakkarth/public/shootproof/app/Http/Controllers/PhotoApi.php(196): Illuminate\Support\Facades\Facade::__callStatic('getRealPath', Array)
#2 [internal function]: App\Http\Controllers\PhotoApi->uploadFile('2372ca3f-a5bd-4...')
#3 /home/jakkarth/public/shootproof/vendor/illuminate/container/Container.php(507): call_user_func_array(Array, Array)
#4 /home/jakkarth/public/shootproof/vendor/laravel/lumen-framework/src/Concerns/RoutesRequests.php(603): Illuminate\Container\Container->call(Array, Array)
#5 /home/jakkarth/public/shootproof/vendor/laravel/lumen-framework/src/Concerns/RoutesRequests.php(569): Laravel\Lumen\Application->callControllerCallable(Array, Array)
#6 /home/jakkarth/public/shootproof/vendor/laravel/lumen-framework/src/Concerns/RoutesRequests.php(543): Laravel\Lumen\Application->callLumenController(Object(App\Http\Controllers\PhotoApi), 'uploadFile', Array)
#7 /home/jakkarth/public/shootproof/vendor/laravel/lumen-framework/src/Concerns/RoutesRequests.php(511): Laravel\Lumen\Application->callControllerAction(Array)
#8 /home/jakkarth/public/shootproof/vendor/laravel/lumen-framework/src/Concerns/RoutesRequests.php(496): Laravel\Lumen\Application->callActionOnArrayBasedRoute(Array)
#9 /home/jakkarth/public/shootproof/vendor/laravel/lumen-framework/src/Concerns/RoutesRequests.php(466): Laravel\Lumen\Application->handleFoundRoute(Array)
#10 /home/jakkarth/public/shootproof/vendor/laravel/lumen-framework/src/Concerns/RoutesRequests.php(397): Laravel\Lumen\Application->handleDispatcherResponse(Array)
#11 /home/jakkarth/public/shootproof/vendor/laravel/lumen-framework/src/Concerns/RoutesRequests.php(643): Laravel\Lumen\Application->Laravel\Lumen\Concerns\{closure}()
#12 /home/jakkarth/public/shootproof/vendor/laravel/lumen-framework/src/Concerns/RoutesRequests.php(399): Laravel\Lumen\Application->sendThroughPipeline(Array, Object(Closure))
#13 /home/jakkarth/public/shootproof/vendor/laravel/lumen-framework/src/Concerns/RoutesRequests.php(340): Laravel\Lumen\Application->dispatch(NULL)
#14 /home/jakkarth/public/shootproof/public/index.php(34): Laravel\Lumen\Application->run()
#15 {main}  
[2018-05-07 22:36:13] lumen.ERROR: Symfony\Component\Debug\Exception\FatalThrowableError: Non-static method SplFileInfo::getRealPath() cannot be called statically in /home/jakkarth/public/shootproof/app/Http/Controllers/PhotoApi.php:196
Stack trace:
#0 [internal function]: App\Http\Controllers\PhotoApi->uploadFile('2372ca3f-a5bd-4...')
#1 /home/jakkarth/public/shootproof/vendor/illuminate/container/Container.php(507): call_user_func_array(Array, Array)
#2 /home/jakkarth/public/shootproof/vendor/laravel/lumen-framework/src/Concerns/RoutesRequests.php(603): Illuminate\Container\Container->call(Array, Array)
#3 /home/jakkarth/public/shootproof/vendor/laravel/lumen-framework/src/Concerns/RoutesRequests.php(569): Laravel\Lumen\Application->callControllerCallable(Array, Array)
#4 /home/jakkarth/public/shootproof/vendor/laravel/lumen-framework/src/Concerns/RoutesRequests.php(543): Laravel\Lumen\Application->callLumenController(Object(App\Http\Controllers\PhotoApi), 'uploadFile', Array)
#5 /home/jakkarth/public/shootproof/vendor/laravel/lumen-framework/src/Concerns/RoutesRequests.php(511): Laravel\Lumen\Application->callControllerAction(Array)
#6 /home/jakkarth/public/shootproof/vendor/laravel/lumen-framework/src/Concerns/RoutesRequests.php(496): Laravel\Lumen\Application->callActionOnArrayBasedRoute(Array)
#7 /home/jakkarth/public/shootproof/vendor/laravel/lumen-framework/src/Concerns/RoutesRequests.php(466): Laravel\Lumen\Application->handleFoundRoute(Array)
#8 /home/jakkarth/public/shootproof/vendor/laravel/lumen-framework/src/Concerns/RoutesRequests.php(397): Laravel\Lumen\Application->handleDispatcherResponse(Array)
#9 /home/jakkarth/public/shootproof/vendor/laravel/lumen-framework/src/Concerns/RoutesRequests.php(643): Laravel\Lumen\Application->Laravel\Lumen\Concerns\{closure}()
#10 /home/jakkarth/public/shootproof/vendor/laravel/lumen-framework/src/Concerns/RoutesRequests.php(399): Laravel\Lumen\Application->sendThroughPipeline(Array, Object(Closure))
#11 /home/jakkarth/public/shootproof/vendor/laravel/lumen-framework/src/Concerns/RoutesRequests.php(340): Laravel\Lumen\Application->dispatch(NULL)
#12 /home/jakkarth/public/shootproof/public/index.php(34): Laravel\Lumen\Application->run()
#13 {main}  
[2018-05-07 22:36:33] lumen.ERROR: Symfony\Component\Debug\Exception\FatalThrowableError: Non-static method SplFileInfo::getRealPath() cannot be called statically in /home/jakkarth/public/shootproof/app/Http/Controllers/PhotoApi.php:197
Stack trace:
#0 [internal function]: App\Http\Controllers\PhotoApi->uploadFile('2372ca3f-a5bd-4...')
#1 /home/jakkarth/public/shootproof/vendor/illuminate/container/Container.php(507): call_user_func_array(Array, Array)
#2 /home/jakkarth/public/shootproof/vendor/laravel/lumen-framework/src/Concerns/RoutesRequests.php(603): Illuminate\Container\Container->call(Array, Array)
#3 /home/jakkarth/public/shootproof/vendor/laravel/lumen-framework/src/Concerns/RoutesRequests.php(569): Laravel\Lumen\Application->callControllerCallable(Array, Array)
#4 /home/jakkarth/public/shootproof/vendor/laravel/lumen-framework/src/Concerns/RoutesRequests.php(543): Laravel\Lumen\Application->callLumenController(Object(App\Http\Controllers\PhotoApi), 'uploadFile', Array)
#5 /home/jakkarth/public/shootproof/vendor/laravel/lumen-framework/src/Concerns/RoutesRequests.php(511): Laravel\Lumen\Application->callControllerAction(Array)
#6 /home/jakkarth/public/shootproof/vendor/laravel/lumen-framework/src/Concerns/RoutesRequests.php(496): Laravel\Lumen\Application->callActionOnArrayBasedRoute(Array)
#7 /home/jakkarth/public/shootproof/vendor/laravel/lumen-framework/src/Concerns/RoutesRequests.php(466): Laravel\Lumen\Application->handleFoundRoute(Array)
#8 /home/jakkarth/public/shootproof/vendor/laravel/lumen-framework/src/Concerns/RoutesRequests.php(397): Laravel\Lumen\Application->handleDispatcherResponse(Array)
#9 /home/jakkarth/public/shootproof/vendor/laravel/lumen-framework/src/Concerns/RoutesRequests.php(643): Laravel\Lumen\Application->Laravel\Lumen\Concerns\{closure}()
#10 /home/jakkarth/public/shootproof/vendor/laravel/lumen-framework/src/Concerns/RoutesRequests.php(399): Laravel\Lumen\Application->sendThroughPipeline(Array, Object(Closure))
#11 /home/jakkarth/public/shootproof/vendor/laravel/lumen-framework/src/Concerns/RoutesRequests.php(340): Laravel\Lumen\Application->dispatch(NULL)
#12 /home/jakkarth/public/shootproof/public/index.php(34): Laravel\Lumen\Application->run()
#13 {main}  
[2018-05-07 22:36:40] lumen.ERROR: PDOException: SQLSTATE[42S02]: Base table or view not found: 1146 Table 'shootproof.photos' doesn't exist in /home/jakkarth/public/shootproof/vendor/illuminate/database/Connection.php:478
Stack trace:
#0 /home/jakkarth/public/shootproof/vendor/illuminate/database/Connection.php(478): PDO->prepare('update photos s...')
#1 /home/jakkarth/public/shootproof/vendor/illuminate/database/Connection.php(722): Illuminate\Database\Connection->Illuminate\Database\{closure}(Object(Illuminate\Database\MySqlConnection), 'update photos s...', Array)
#2 /home/jakkarth/public/shootproof/vendor/illuminate/database/Connection.php(685): Illuminate\Database\Connection->runQueryCallback('update photos s...', Array, Object(Closure))
#3 /home/jakkarth/public/shootproof/vendor/illuminate/database/Connection.php(483): Illuminate\Database\Connection->run('update photos s...', Array, Object(Closure))
#4 /home/jakkarth/public/shootproof/vendor/illuminate/database/Connection.php(426): Illuminate\Database\Connection->affectingStatement('update photos s...', Array)
#5 [internal function]: Illuminate\Database\Connection->update('update photos s...', Array)
#6 /home/jakkarth/public/shootproof/vendor/illuminate/database/DatabaseManager.php(317): call_user_func_array(Array, Array)
#7 /home/jakkarth/public/shootproof/app/Http/Controllers/PhotoApi.php(204): Illuminate\Database\DatabaseManager->__call('update', Array)
#8 [internal function]: App\Http\Controllers\PhotoApi->uploadFile('2372ca3f-a5bd-4...')
#9 /home/jakkarth/public/shootproof/vendor/illuminate/container/Container.php(507): call_user_func_array(Array, Array)
#10 /home/jakkarth/public/shootproof/vendor/laravel/lumen-framework/src/Concerns/RoutesRequests.php(603): Illuminate\Container\Container->call(Array, Array)
#11 /home/jakkarth/public/shootproof/vendor/laravel/lumen-framework/src/Concerns/RoutesRequests.php(569): Laravel\Lumen\Application->callControllerCallable(Array, Array)
#12 /home/jakkarth/public/shootproof/vendor/laravel/lumen-framework/src/Concerns/RoutesRequests.php(543): Laravel\Lumen\Application->callLumenController(Object(App\Http\Controllers\PhotoApi), 'uploadFile', Array)
#13 /home/jakkarth/public/shootproof/vendor/laravel/lumen-framework/src/Concerns/RoutesRequests.php(511): Laravel\Lumen\Application->callControllerAction(Array)
#14 /home/jakkarth/public/shootproof/vendor/laravel/lumen-framework/src/Concerns/RoutesRequests.php(496): Laravel\Lumen\Application->callActionOnArrayBasedRoute(Array)
#15 /home/jakkarth/public/shootproof/vendor/laravel/lumen-framework/src/Concerns/RoutesRequests.php(466): Laravel\Lumen\Application->handleFoundRoute(Array)
#16 /home/jakkarth/public/shootproof/vendor/laravel/lumen-framework/src/Concerns/RoutesRequests.php(397): Laravel\Lumen\Application->handleDispatcherResponse(Array)
#17 /home/jakkarth/public/shootproof/vendor/laravel/lumen-framework/src/Concerns/RoutesRequests.php(643): Laravel\Lumen\Application->Laravel\Lumen\Concerns\{closure}()
#18 /home/jakkarth/public/shootproof/vendor/laravel/lumen-framework/src/Concerns/RoutesRequests.php(399): Laravel\Lumen\Application->sendThroughPipeline(Array, Object(Closure))
#19 /home/jakkarth/public/shootproof/vendor/laravel/lumen-framework/src/Concerns/RoutesRequests.php(340): Laravel\Lumen\Application->dispatch(NULL)
#20 /home/jakkarth/public/shootproof/public/index.php(34): Laravel\Lumen\Application->run()
#21 {main}

Next Illuminate\Database\QueryException: SQLSTATE[42S02]: Base table or view not found: 1146 Table 'shootproof.photos' doesn't exist (SQL: update photos set image_url=http://google.com/ where uuid=2372ca3f-a5bd-41d4-859a-9379a7d7f498) in /home/jakkarth/public/shootproof/vendor/illuminate/database/Connection.php:729
Stack trace:
#0 /home/jakkarth/public/shootproof/vendor/illuminate/database/Connection.php(685): Illuminate\Database\Connection->runQueryCallback('update photos s...', Array, Object(Closure))
#1 /home/jakkarth/public/shootproof/vendor/illuminate/database/Connection.php(483): Illuminate\Database\Connection->run('update photos s...', Array, Object(Closure))
#2 /home/jakkarth/public/shootproof/vendor/illuminate/database/Connection.php(426): Illuminate\Database\Connection->affectingStatement('update photos s...', Array)
#3 [internal function]: Illuminate\Database\Connection->update('update photos s...', Array)
#4 /home/jakkarth/public/shootproof/vendor/illuminate/database/DatabaseManager.php(317): call_user_func_array(Array, Array)
#5 /home/jakkarth/public/shootproof/app/Http/Controllers/PhotoApi.php(204): Illuminate\Database\DatabaseManager->__call('update', Array)
#6 [internal function]: App\Http\Controllers\PhotoApi->uploadFile('2372ca3f-a5bd-4...')
#7 /home/jakkarth/public/shootproof/vendor/illuminate/container/Container.php(507): call_user_func_array(Array, Array)
#8 /home/jakkarth/public/shootproof/vendor/laravel/lumen-framework/src/Concerns/RoutesRequests.php(603): Illuminate\Container\Container->call(Array, Array)
#9 /home/jakkarth/public/shootproof/vendor/laravel/lumen-framework/src/Concerns/RoutesRequests.php(569): Laravel\Lumen\Application->callControllerCallable(Array, Array)
#10 /home/jakkarth/public/shootproof/vendor/laravel/lumen-framework/src/Concerns/RoutesRequests.php(543): Laravel\Lumen\Application->callLumenController(Object(App\Http\Controllers\PhotoApi), 'uploadFile', Array)
#11 /home/jakkarth/public/shootproof/vendor/laravel/lumen-framework/src/Concerns/RoutesRequests.php(511): Laravel\Lumen\Application->callControllerAction(Array)
#12 /home/jakkarth/public/shootproof/vendor/laravel/lumen-framework/src/Concerns/RoutesRequests.php(496): Laravel\Lumen\Application->callActionOnArrayBasedRoute(Array)
#13 /home/jakkarth/public/shootproof/vendor/laravel/lumen-framework/src/Concerns/RoutesRequests.php(466): Laravel\Lumen\Application->handleFoundRoute(Array)
#14 /home/jakkarth/public/shootproof/vendor/laravel/lumen-framework/src/Concerns/RoutesRequests.php(397): Laravel\Lumen\Application->handleDispatcherResponse(Array)
#15 /home/jakkarth/public/shootproof/vendor/laravel/lumen-framework/src/Concerns/RoutesRequests.php(643): Laravel\Lumen\Application->Laravel\Lumen\Concerns\{closure}()
#16 /home/jakkarth/public/shootproof/vendor/laravel/lumen-framework/src/Concerns/RoutesRequests.php(399): Laravel\Lumen\Application->sendThroughPipeline(Array, Object(Closure))
#17 /home/jakkarth/public/shootproof/vendor/laravel/lumen-framework/src/Concerns/RoutesRequests.php(340): Laravel\Lumen\Application->dispatch(NULL)
#18 /home/jakkarth/public/shootproof/public/index.php(34): Laravel\Lumen\Application->run()
#19 {main}  
[2018-05-07 22:37:45] lumen.ERROR: PDOException: SQLSTATE[42S02]: Base table or view not found: 1146 Table 'shootproof.photos' doesn't exist in /home/jakkarth/public/shootproof/vendor/illuminate/database/Connection.php:478
Stack trace:
#0 /home/jakkarth/public/shootproof/vendor/illuminate/database/Connection.php(478): PDO->prepare('update photos s...')
#1 /home/jakkarth/public/shootproof/vendor/illuminate/database/Connection.php(722): Illuminate\Database\Connection->Illuminate\Database\{closure}(Object(Illuminate\Database\MySqlConnection), 'update photos s...', Array)
#2 /home/jakkarth/public/shootproof/vendor/illuminate/database/Connection.php(685): Illuminate\Database\Connection->runQueryCallback('update photos s...', Array, Object(Closure))
#3 /home/jakkarth/public/shootproof/vendor/illuminate/database/Connection.php(483): Illuminate\Database\Connection->run('update photos s...', Array, Object(Closure))
#4 /home/jakkarth/public/shootproof/vendor/illuminate/database/Connection.php(426): Illuminate\Database\Connection->affectingStatement('update photos s...', Array)
#5 [internal function]: Illuminate\Database\Connection->update('update photos s...', Array)
#6 /home/jakkarth/public/shootproof/vendor/illuminate/database/DatabaseManager.php(317): call_user_func_array(Array, Array)
#7 /home/jakkarth/public/shootproof/app/Http/Controllers/PhotoApi.php(204): Illuminate\Database\DatabaseManager->__call('update', Array)
#8 [internal function]: App\Http\Controllers\PhotoApi->uploadFile('2372ca3f-a5bd-4...')
#9 /home/jakkarth/public/shootproof/vendor/illuminate/container/Container.php(507): call_user_func_array(Array, Array)
#10 /home/jakkarth/public/shootproof/vendor/laravel/lumen-framework/src/Concerns/RoutesRequests.php(603): Illuminate\Container\Container->call(Array, Array)
#11 /home/jakkarth/public/shootproof/vendor/laravel/lumen-framework/src/Concerns/RoutesRequests.php(569): Laravel\Lumen\Application->callControllerCallable(Array, Array)
#12 /home/jakkarth/public/shootproof/vendor/laravel/lumen-framework/src/Concerns/RoutesRequests.php(543): Laravel\Lumen\Application->callLumenController(Object(App\Http\Controllers\PhotoApi), 'uploadFile', Array)
#13 /home/jakkarth/public/shootproof/vendor/laravel/lumen-framework/src/Concerns/RoutesRequests.php(511): Laravel\Lumen\Application->callControllerAction(Array)
#14 /home/jakkarth/public/shootproof/vendor/laravel/lumen-framework/src/Concerns/RoutesRequests.php(496): Laravel\Lumen\Application->callActionOnArrayBasedRoute(Array)
#15 /home/jakkarth/public/shootproof/vendor/laravel/lumen-framework/src/Concerns/RoutesRequests.php(466): Laravel\Lumen\Application->handleFoundRoute(Array)
#16 /home/jakkarth/public/shootproof/vendor/laravel/lumen-framework/src/Concerns/RoutesRequests.php(397): Laravel\Lumen\Application->handleDispatcherResponse(Array)
#17 /home/jakkarth/public/shootproof/vendor/laravel/lumen-framework/src/Concerns/RoutesRequests.php(643): Laravel\Lumen\Application->Laravel\Lumen\Concerns\{closure}()
#18 /home/jakkarth/public/shootproof/vendor/laravel/lumen-framework/src/Concerns/RoutesRequests.php(399): Laravel\Lumen\Application->sendThroughPipeline(Array, Object(Closure))
#19 /home/jakkarth/public/shootproof/vendor/laravel/lumen-framework/src/Concerns/RoutesRequests.php(340): Laravel\Lumen\Application->dispatch(NULL)
#20 /home/jakkarth/public/shootproof/public/index.php(34): Laravel\Lumen\Application->run()
#21 {main}

Next Illuminate\Database\QueryException: SQLSTATE[42S02]: Base table or view not found: 1146 Table 'shootproof.photos' doesn't exist (SQL: update photos set image_url=http://google.com/,width=1920,height=1222 where uuid=2372ca3f-a5bd-41d4-859a-9379a7d7f498) in /home/jakkarth/public/shootproof/vendor/illuminate/database/Connection.php:729
Stack trace:
#0 /home/jakkarth/public/shootproof/vendor/illuminate/database/Connection.php(685): Illuminate\Database\Connection->runQueryCallback('update photos s...', Array, Object(Closure))
#1 /home/jakkarth/public/shootproof/vendor/illuminate/database/Connection.php(483): Illuminate\Database\Connection->run('update photos s...', Array, Object(Closure))
#2 /home/jakkarth/public/shootproof/vendor/illuminate/database/Connection.php(426): Illuminate\Database\Connection->affectingStatement('update photos s...', Array)
#3 [internal function]: Illuminate\Database\Connection->update('update photos s...', Array)
#4 /home/jakkarth/public/shootproof/vendor/illuminate/database/DatabaseManager.php(317): call_user_func_array(Array, Array)
#5 /home/jakkarth/public/shootproof/app/Http/Controllers/PhotoApi.php(204): Illuminate\Database\DatabaseManager->__call('update', Array)
#6 [internal function]: App\Http\Controllers\PhotoApi->uploadFile('2372ca3f-a5bd-4...')
#7 /home/jakkarth/public/shootproof/vendor/illuminate/container/Container.php(507): call_user_func_array(Array, Array)
#8 /home/jakkarth/public/shootproof/vendor/laravel/lumen-framework/src/Concerns/RoutesRequests.php(603): Illuminate\Container\Container->call(Array, Array)
#9 /home/jakkarth/public/shootproof/vendor/laravel/lumen-framework/src/Concerns/RoutesRequests.php(569): Laravel\Lumen\Application->callControllerCallable(Array, Array)
#10 /home/jakkarth/public/shootproof/vendor/laravel/lumen-framework/src/Concerns/RoutesRequests.php(543): Laravel\Lumen\Application->callLumenController(Object(App\Http\Controllers\PhotoApi), 'uploadFile', Array)
#11 /home/jakkarth/public/shootproof/vendor/laravel/lumen-framework/src/Concerns/RoutesRequests.php(511): Laravel\Lumen\Application->callControllerAction(Array)
#12 /home/jakkarth/public/shootproof/vendor/laravel/lumen-framework/src/Concerns/RoutesRequests.php(496): Laravel\Lumen\Application->callActionOnArrayBasedRoute(Array)
#13 /home/jakkarth/public/shootproof/vendor/laravel/lumen-framework/src/Concerns/RoutesRequests.php(466): Laravel\Lumen\Application->handleFoundRoute(Array)
#14 /home/jakkarth/public/shootproof/vendor/laravel/lumen-framework/src/Concerns/RoutesRequests.php(397): Laravel\Lumen\Application->handleDispatcherResponse(Array)
#15 /home/jakkarth/public/shootproof/vendor/laravel/lumen-framework/src/Concerns/RoutesRequests.php(643): Laravel\Lumen\Application->Laravel\Lumen\Concerns\{closure}()
#16 /home/jakkarth/public/shootproof/vendor/laravel/lumen-framework/src/Concerns/RoutesRequests.php(399): Laravel\Lumen\Application->sendThroughPipeline(Array, Object(Closure))
#17 /home/jakkarth/public/shootproof/vendor/laravel/lumen-framework/src/Concerns/RoutesRequests.php(340): Laravel\Lumen\Application->dispatch(NULL)
#18 /home/jakkarth/public/shootproof/public/index.php(34): Laravel\Lumen\Application->run()
#19 {main}  
